0 info it worked if it ends with ok
1 verbose cli [ '/home/okechi/.nvm/versions/node/v6.3.1/bin/node',
1 verbose cli   '/home/okechi/.nvm/versions/node/v6.3.1/bin/npm',
1 verbose cli   'run',
1 verbose cli   'start_dev' ]
2 info using npm@3.10.3
3 info using node@v6.3.1
4 verbose run-script [ 'prestart_dev', 'start_dev', 'poststart_dev' ]
5 info lifecycle okechi-github-page@~prestart_dev: okechi-github-page@
6 silly lifecycle okechi-github-page@~prestart_dev: no script for prestart_dev, continuing
7 info lifecycle okechi-github-page@~start_dev: okechi-github-page@
8 verbose lifecycle okechi-github-page@~start_dev: unsafe-perm in lifecycle true
9 verbose lifecycle okechi-github-page@~start_dev: PATH: /home/okechi/.nvm/versions/node/v6.3.1/lib/node_modules/npm/bin/node-gyp-bin:/home/okechi/WebDev/Portfolio Site/node_modules/.bin:/home/okechi/.nvm/versions/node/v6.3.1/bin:/home/okechi/.nvm/versions/node/v6.3.1/bin:/home/okechi/.opam/4.03.0/bin:/home/okechi/.rvm/gems/ruby-2.3.3/bin:/home/okechi/.rvm/gems/ruby-2.3.3@global/bin:/home/okechi/.rvm/rubies/ruby-2.3.3/bin:/home/okechi/SimpleScalar/simplesim-3.0:/home/okechi/SimpleScalar/bin:/usr/bin:/bin:/usr/local/texlive/2016/bin/x86_64-linux/:/home/okechi/arm-toolchain/gcc-arm-none-eabi-5_4-2016q3/bin:/home/okechi/.rvm/bin
10 verbose lifecycle okechi-github-page@~start_dev: CWD: /home/okechi/WebDev/Portfolio Site
11 silly lifecycle okechi-github-page@~start_dev: Args: [ '-c',
11 silly lifecycle   'concurrently --kill-others "npm run watch" "npm run start "' ]
12 silly lifecycle okechi-github-page@~start_dev: Returned: code: 1  signal: null
13 info lifecycle okechi-github-page@~start_dev: Failed to exec start_dev script
14 verbose stack Error: okechi-github-page@ start_dev: `concurrently --kill-others "npm run watch" "npm run start "`
14 verbose stack Exit status 1
14 verbose stack     at EventEmitter.<anonymous> (/home/okechi/.nvm/versions/node/v6.3.1/lib/node_modules/npm/lib/utils/lifecycle.js:242:16)
14 verbose stack     at emitTwo (events.js:106:13)
14 verbose stack     at EventEmitter.emit (events.js:191:7)
14 verbose stack     at ChildProcess.<anonymous> (/home/okechi/.nvm/versions/node/v6.3.1/lib/node_modules/npm/lib/utils/spawn.js:40:14)
14 verbose stack     at emitTwo (events.js:106:13)
14 verbose stack     at ChildProcess.emit (events.js:191:7)
14 verbose stack     at maybeClose (internal/child_process.js:852:16)
14 verbose stack     at Process.ChildProcess._handle.onexit (internal/child_process.js:215:5)
15 verbose pkgid okechi-github-page@
16 verbose cwd /home/okechi/WebDev/Portfolio Site
17 error Linux 3.19.0-32-generic
18 error argv "/home/okechi/.nvm/versions/node/v6.3.1/bin/node" "/home/okechi/.nvm/versions/node/v6.3.1/bin/npm" "run" "start_dev"
19 error node v6.3.1
20 error npm  v3.10.3
21 error code ELIFECYCLE
22 error okechi-github-page@ start_dev: `concurrently --kill-others "npm run watch" "npm run start "`
22 error Exit status 1
23 error Failed at the okechi-github-page@ start_dev script 'concurrently --kill-others "npm run watch" "npm run start "'.
23 error Make sure you have the latest version of node.js and npm installed.
23 error If you do, this is most likely a problem with the okechi-github-page package,
23 error not with npm itself.
23 error Tell the author that this fails on your system:
23 error     concurrently --kill-others "npm run watch" "npm run start "
23 error You can get information on how to open an issue for this project with:
23 error     npm bugs okechi-github-page
23 error Or if that isn't available, you can get their info via:
23 error     npm owner ls okechi-github-page
23 error There is likely additional logging output above.
24 verbose exit [ 1, true ]
